TN:
SF:controllers\order.controller.js
FN:9,(anonymous_0)
FN:58,(anonymous_1)
FN:116,(anonymous_2)
FN:151,(anonymous_3)
FN:168,(anonymous_4)
FN:173,(anonymous_5)
FNF:6
FNH:5
FNDA:6,(anonymous_0)
FNDA:2,(anonymous_1)
FNDA:3,(anonymous_2)
FNDA:1,(anonymous_3)
FNDA:1,(anonymous_4)
FNDA:0,(anonymous_5)
DA:1,1
DA:2,1
DA:3,1
DA:4,1
DA:5,1
DA:6,1
DA:9,1
DA:10,6
DA:11,6
DA:12,6
DA:15,6
DA:22,2
DA:29,4
DA:30,4
DA:31,1
DA:32,0
DA:36,3
DA:37,3
DA:38,1
DA:39,0
DA:44,2
DA:46,2
DA:57,1
DA:58,1
DA:59,2
DA:60,0
DA:63,2
DA:66,2
DA:67,0
DA:72,2
DA:75,2
DA:77,2
DA:93,1
DA:96,1
DA:97,0
DA:98,0
DA:101,1
DA:102,0
DA:104,4
DA:109,0
DA:111,4
DA:116,1
DA:117,3
DA:118,3
DA:119,3
DA:122,3
DA:146,3
DA:147,1
DA:150,1
DA:151,1
DA:153,1
DA:154,1
DA:157,1
DA:161,3
DA:164,2
DA:165,1
DA:168,1
DA:169,1
DA:172,0
DA:173,0
DA:176,0
DA:180,1
DA:182,2
LF:63
LH:52
BRDA:15,0,0,2
BRDA:15,0,1,4
BRDA:16,1,0,6
BRDA:16,1,1,5
BRDA:16,1,2,5
BRDA:16,1,3,5
BRDA:16,1,4,5
BRDA:30,2,0,1
BRDA:30,2,1,3
BRDA:37,3,0,1
BRDA:37,3,1,2
BRDA:59,4,0,0
BRDA:59,4,1,2
BRDA:59,5,0,2
BRDA:59,5,1,2
BRDA:66,6,0,0
BRDA:66,6,1,2
BRDA:83,7,0,2
BRDA:83,7,1,0
BRDA:85,8,0,0
BRDA:85,8,1,2
BRDA:86,9,0,0
BRDA:86,9,1,0
BRDA:96,10,0,0
BRDA:96,10,1,1
BRDA:96,11,0,1
BRDA:96,11,1,1
BRDA:104,12,0,0
BRDA:104,12,1,4
BRDA:105,13,0,4
BRDA:105,13,1,0
BRDA:105,13,2,0
BRDA:146,14,0,1
BRDA:146,14,1,2
BRDA:147,15,0,0
BRDA:147,15,1,1
BRDA:164,16,0,1
BRDA:164,16,1,1
BRDA:165,17,0,0
BRDA:165,17,1,1
BRF:40
BRH:28
end_of_record
TN:
SF:controllers\orderShare.controller.js
FN:7,(anonymous_0)
FN:56,(anonymous_1)
FNF:2
FNH:2
FNDA:3,(anonymous_0)
FNDA:4,(anonymous_1)
DA:1,1
DA:2,1
DA:3,1
DA:4,1
DA:7,1
DA:8,3
DA:9,3
DA:10,3
DA:12,3
DA:13,3
DA:16,3
DA:17,1
DA:20,3
DA:35,3
DA:49,2
DA:51,1
DA:56,1
DA:57,4
DA:58,4
DA:59,4
DA:60,4
DA:63,4
DA:64,4
DA:65,1
DA:66,0
DA:72,3
DA:73,3
DA:74,1
DA:75,0
DA:81,2
DA:86,2
DA:87,1
DA:89,0
DA:98,4
DA:103,0
DA:105,4
LF:36
LH:32
BRDA:16,0,0,1
BRDA:16,0,1,2
BRDA:64,1,0,1
BRDA:64,1,1,3
BRDA:73,2,0,1
BRDA:73,2,1,2
BRDA:83,3,0,2
BRDA:83,3,1,0
BRDA:98,4,0,0
BRDA:98,4,1,4
BRDA:99,5,0,4
BRDA:99,5,1,0
BRDA:99,5,2,0
BRF:13
BRH:9
end_of_record
